Load "GY-53\\GY-53.axf" 
Set JLink Project File to "d:\STM32STC51\STM32project\GY-53\MDK-ARM\JLinkSettings.ini"* JLink Info: Device "STM32F103C8" selected.

JLink info:
------------
DLL: V6.90 , compiled Dec 11 2020 17:08:01
Firmware: J-Link V9 compiled Jun  2 2222 22:22:22
Hardware: V9.40
S/N : 81480416 
Feature(s) : GDB, RDI, FlashBP, FlashDL, JFlash, RDDI 

* JLink Info: Found SW-DP with ID 0x1BA01477
* JLink Info: SWD speed too high. Reduced from 12000 kHz to 8100 kHz for stability
* JLink Info: Found SW-DP with ID 0x1BA01477
* JLink Info: DPv0 detected
* JLink Info: Scanning AP map to find all available APs
* JLink Info: AP[1]: Stopped AP scan as end of AP map has been reached
* JLink Info: AP[0]: AHB-AP (IDR: 0x14770011)
* JLink Info: Iterating through AP map to find AHB-AP to use
* JLink Info: AP[0]: Core found
* JLink Info: AP[0]: AHB-AP ROM base: 0xE00FF000
* JLink Info: CPUID register: 0x411FC231. Implementer code: 0x41 (ARM)
* JLink Info: Found Cortex-M3 r1p1, Little endian.
* JLink Info: FPUnit: 6 code (BP) slots and 2 literal slots
* JLink Info: CoreSight components:
* JLink Info: ROMTbl[0] @ E00FF000
* JLink Info: ROMTbl[0][0]: E000E000, CID: B105E00D, PID: 001BB000 SCS
* JLink Info: ROMTbl[0][1]: E0001000, CID: B105E00D, PID: 001BB002 DWT
* JLink Info: ROMTbl[0][2]: E0002000, CID: B105E00D, PID: 000BB003 FPB
* JLink Info: ROMTbl[0][3]: E0000000, CID: B105E00D, PID: 001BB001 ITM
* JLink Info: ROMTbl[0][4]: E0040000, CID: B105900D, PID: 001BB923 TPIU-Lite
* JLink Info: ROMTbl[0][5]: E0041000, CID: B105900D, PID: 101BB924 ETM-M3
ROMTableAddr = 0xE00FF000
* JLink Info: Reset: Halt core after reset via DEMCR.VC_CORERESET.
* JLink Info: Reset: Reset device via AIRCR.SYSRESETREQ.

Target info:
------------
Device: STM32F103C8
VTarget = 2.602V
State of Pins: TCK: 0, TDI: 1, TDO: 1, TMS: 1, TRES: 1, TRST: 1
Hardware-Breakpoints: 6
Software-Breakpoints: 8192
Watchpoints:          4
JTAG speed: 6000 kHz

Erase Done.Programming Done.Verify OK.* JLink Info: Reset: Halt core after reset via DEMCR.VC_CORERESET.
* JLink Info: Reset: Reset device via AIRCR.SYSRESETREQ.
Application running ...
Flash Load finished at 21:58:20
